[2020-07-08T21:28:40.009] [DEBUG] cheese - login => username:admin,password:123456
[2020-07-08T21:28:40.012] [DEBUG] cheese - admin
[2020-07-08T21:28:40.024] [DEBUG] cheese - null
[2020-07-08T21:28:40.026] [DEBUG] cheese - null
[2020-07-08T21:30:14.531] [DEBUG] cheese - login => username:admin,password:123456
[2020-07-08T21:30:14.531] [DEBUG] cheese - admin
[2020-07-08T21:30:14.536] [DEBUG] cheese - null
[2020-07-08T21:30:14.537] [DEBUG] cheese - null
[2020-07-08T21:30:25.419] [DEBUG] cheese - login => username:admin,password:123456
[2020-07-08T21:30:25.419] [DEBUG] cheese - admin
[2020-07-08T21:30:25.421] [DEBUG] cheese - null
[2020-07-08T21:30:25.421] [DEBUG] cheese - null
[2020-07-08T21:30:31.144] [DEBUG] cheese - login => username:admin,password:123456
[2020-07-08T21:30:31.144] [DEBUG] cheese - admin
[2020-07-08T21:30:31.148] [DEBUG] cheese - null
[2020-07-08T21:30:31.148] [DEBUG] cheese - null
[2020-07-08T21:30:43.513] [DEBUG] cheese - login => username:admin5,password:123456
[2020-07-08T21:30:43.513] [DEBUG] cheese - admin5
[2020-07-08T21:30:43.516] [DEBUG] cheese - null
[2020-07-08T21:30:43.516] [DEBUG] cheese - null
[2020-07-08T21:30:50.314] [DEBUG] cheese - login => username:admin,password:123456
[2020-07-08T21:30:50.314] [DEBUG] cheese - admin
[2020-07-08T21:30:50.316] [DEBUG] cheese - null
[2020-07-08T21:30:50.316] [DEBUG] cheese - null
[2020-07-08T21:32:56.164] [DEBUG] cheese - login => username:admin456,password:123456
[2020-07-08T21:32:56.165] [DEBUG] cheese - admin456
[2020-07-08T21:32:56.167] [DEBUG] cheese - null
[2020-07-08T21:32:56.167] [DEBUG] cheese - null
[2020-07-08T21:33:01.008] [DEBUG] cheese - login => username:admin,password:123456
[2020-07-08T21:33:01.008] [DEBUG] cheese - admin
[2020-07-08T21:33:01.011] [DEBUG] cheese - null
[2020-07-08T21:33:01.012] [DEBUG] cheese - null
[2020-07-08T21:43:14.567] [DEBUG] cheese - login => username:admin,password:123456
[2020-07-08T21:43:14.567] [DEBUG] cheese - admin
[2020-07-08T21:43:14.575] [DEBUG] cheese - null
[2020-07-08T21:43:14.575] [DEBUG] cheese - null
[2020-07-08T21:43:21.080] [DEBUG] cheese - login => username:admin1,password:123456
[2020-07-08T21:43:21.080] [DEBUG] cheese - admin1
[2020-07-08T21:43:21.082] [DEBUG] cheese - null
[2020-07-08T21:43:21.082] [DEBUG] cheese - null
[2020-07-08T21:56:24.010] [DEBUG] cheese - login => username:admin,password:123456
[2020-07-08T21:56:24.010] [DEBUG] cheese - admin
[2020-07-08T21:56:24.017] [DEBUG] cheese - null
[2020-07-08T21:56:24.017] [DEBUG] cheese - null
[2020-07-08T22:10:27.048] [DEBUG] cheese - login => username:admin,password:123456
[2020-07-08T22:10:27.048] [DEBUG] cheese - admin
[2020-07-08T22:10:27.052] [DEBUG] cheese - null
[2020-07-08T22:10:27.052] [DEBUG] cheese - null
[2020-07-08T22:10:35.931] [DEBUG] cheese - login => username:admin,password:123456
[2020-07-08T22:10:35.931] [DEBUG] cheese - admin
[2020-07-08T22:10:35.933] [DEBUG] cheese - null
[2020-07-08T22:10:35.933] [DEBUG] cheese - null
[2020-07-08T22:15:40.412] [DEBUG] cheese - login => username:admin,password:123456
[2020-07-08T22:15:40.412] [DEBUG] cheese - admin
[2020-07-08T22:15:40.418] [DEBUG] cheese - null
[2020-07-08T22:15:40.418] [DEBUG] cheese - null
[2020-07-08T22:15:44.213] [DEBUG] cheese - login => username:admin,password:123456
[2020-07-08T22:15:44.213] [DEBUG] cheese - admin
[2020-07-08T22:15:44.215] [DEBUG] cheese - null
[2020-07-08T22:15:44.216] [DEBUG] cheese - null
